2025-02-19 18:59:48,839 [INFO] Χρήση συσκευής: cuda
2025-02-19 18:59:48,840 [INFO] Βρέθηκαν τα αποθηκευμένα μοντέλα BERT & RoBERTa.
2025-02-19 18:59:48,840 [INFO] Φόρτωση BERT...
2025-02-19 18:59:49,438 [INFO] Φόρτωση RoBERTa...
2025-02-19 18:59:50,082 [INFO] Η φόρτωση των μοντέλων ολοκληρώθηκε επιτυχώς.
2025-02-19 18:59:50,083 [INFO] Φόρτωση του dataset και διαχωρισμός σε train/validation/test σετ.
2025-02-19 18:59:52,318 [INFO] Το dataset φορτώθηκε με σχήμα: (1600000, 6)
2025-02-19 18:59:53,580 [INFO] Train set: (1280000, 6), Validation set: (160000, 6), Test set: (160000, 6)
2025-02-19 18:59:53,730 [INFO] Ξεκινά η προεπεξεργασία των δεδομένων (καθαρισμός, tokenization, κ.λπ.).
2025-02-19 19:00:04,871 [INFO] Ο καθαρισμός και η προεπεξεργασία ολοκληρώθηκαν.
2025-02-19 19:00:04,871 [INFO] Το test dataset φορτώθηκε επιτυχώς με 160000 δείγματα.
2025-02-19 19:00:04,871 [INFO] [EVALUATION] Αξιολόγηση BERT στο test subset.
2025-02-19 19:00:04,871 [INFO] Ξεκινά η αξιολόγηση του μοντέλου στο δοθέν σετ.
2025-02-19 19:04:12,003 [INFO] Αποτελέσματα Αξιολόγησης -> Accuracy: 0.8069, Precision: 0.8078, Recall: 0.8055, F1: 0.8066
2025-02-19 19:04:12,039 [INFO] [EVALUATION] BERT Metrics: {'accuracy': 0.80690625, 'precision': np.float64(0.8077872911208334), 'recall': np.float64(0.805475), 'f1': np.float64(0.8066294884553518)}
2025-02-19 19:04:12,040 [INFO] [EVALUATION] Αξιολόγηση RoBERTa στο test subset.
2025-02-19 19:04:12,040 [INFO] Ξεκινά η αξιολόγηση του μοντέλου στο δοθέν σετ.
2025-02-19 19:08:12,251 [INFO] Αποτελέσματα Αξιολόγησης -> Accuracy: 0.7283, Precision: 0.7146, Recall: 0.7601, F1: 0.7367
2025-02-19 19:08:12,269 [INFO] [EVALUATION] RoBERTa Metrics: {'accuracy': 0.7282875, 'precision': np.float64(0.714616433204851), 'recall': np.float64(0.7601375), 'f1': np.float64(0.7366744197315501)}
2025-02-19 19:08:12,269 [INFO] Η αξιολόγηση ολοκληρώθηκε επιτυχώς!
